Debug: Overriding config value loglevel with env var LOGLEVEL=debug
Warning: Windows Subsystem for Linux (WSL) is recommended for improving initial
install times.
--------------------------------- System Info ---------------------------------
Debug: Config file: 
'C:\\Users\\rahul\\AppData\\Local\\Programs\\Python\\Python313\\Lib\\site-packa
ges\\reflex\\config.py'
Debug: Config: Config(app_name='frontend', app_module_import=None, 
loglevel=<LogLevel.DEBUG: 'debug'>, frontend_port=None, frontend_path='', 
backend_port=None, api_url='http://localhost:8000', 
deploy_url='http://localhost:3000', backend_host='0.0.0.0', 
db_url='sqlite:///reflex.db', async_db_url=None, redis_url=None, 
telemetry_enabled=True, enable_pyleak_monitoring=False, 
pyleak_blocking_threshold=0.1, pyleak_thread_grace_period=0.2, 
pyleak_action=None, 
bun_path=WindowsPath('C:/Users/rahul/AppData/Local/reflex/bun/bin/bun.exe'), 
static_page_generation_timeout=60, cors_allowed_origins=('*',), 
react_strict_mode=True, frontend_packages=[], 
state_manager_mode=<StateManagerMode.DISK: 'disk'>, 
redis_lock_expiration=10000, redis_lock_warning_threshold=1000, 
redis_token_expiration=3600, _non_default_attributes={'loglevel', 'plugins', 
'app_name', 'backend_host'}, env_file=None, state_auto_setters=None, 
show_built_with_reflex=None, is_reflex_cloud=False, 
extra_overlay_function=None, plugins=[SitemapPlugin(), 
TailwindV4Plugin(config={'plugins': ['@tailwindcss/typography@0.5.19']})], 
disable_plugins=[], transport='websocket')
Debug: Running command: [WindowsPath('C:/Program Files/nodejs/node.EXE'), 
'--version']
Debug: Running command: 
[WindowsPath('C:/Users/rahul/AppData/Local/reflex/bun/bin/bun.exe'), 
'--version']
Debug: [Reflex 0.8.27 with Python 3.13.2 (PATH: 
C:\Users\rahul\AppData\Local\Programs\Python\Python313\python.exe)]
Debug: [Node 22.17.1 (Minimum: 20.19.0) (PATH:C:\Program 
Files\nodejs\node.EXE)]
Debug: [Bun 1.3.6 (Minimum: 1.3.0) (PATH: 
C:\Users\rahul\AppData\Local\reflex\bun\bin\bun.exe)]
Debug: [OS Windows 10.0.26200]
Debug: Using package installer at: 
['C:\\Users\\rahul\\AppData\\Local\\reflex\\bun\\bin\\bun.exe', 'C:\\Program 
Files\\nodejs\\npm.CMD']
Debug: Using package executer at: 
[['C:\\Users\\rahul\\AppData\\Local\\reflex\\bun\\bin\\bun.exe'], ['C:\\Program
Files\\nodejs\\npm.CMD']]
------------- Compiling production app and preparing for export. --------------
Debug: Evaluating page: index
Debug: Evaluating page: 404
Debug: Slowest pages:
index: 191.5ms
404: 0.5ms
Debug: [timing] Evaluate Pages (Frontend): 0.19s
Debug: [timing] Collect all imports and app wraps: 0.05s
Debug: [timing] Auto-memoize StatefulComponents: 0.21s
Debug: [timing] Copy assets: 0.00s
Debug: [timing] Compile to Javascript: 0.16s
[01:51:02] Compiling: -------------------------------------- 100% 21/21 0:00:00
Debug: Running command: 
['C:\\Users\\rahul\\AppData\\Local\\reflex\\bun\\bin\\bun.exe', 'install', 
'--legacy-peer-deps']
Debug: Installing base frontend packages
Debug: bun install v1.3.6 (d530ed99)
Debug: 
Debug: Checked 279 installs across 326 packages (no changes) [54.00ms]
Debug: Running command: 
['C:\\Users\\rahul\\AppData\\Local\\reflex\\bun\\bin\\bun.exe', 'add', 
'--legacy-peer-deps', '-d', 'tailwindcss@4.1.18', 
'@tailwindcss/typography@0.5.19', '@tailwindcss/postcss@4.1.18']
Debug: Installing frontend development dependencies
Debug: bun add v1.3.6 (d530ed99)
Debug: Saved lockfile
Debug: 
Debug: installed tailwindcss@4.1.18
Debug: installed @tailwindcss/typography@0.5.19
Debug: installed @tailwindcss/postcss@4.1.18
Debug: 
Debug: [384.00ms] done
Debug: Running command: 
['C:\\Users\\rahul\\AppData\\Local\\reflex\\bun\\bin\\bun.exe', 'add', 
'--legacy-peer-deps', 'react-debounce-input@3.3.0', 'lucide-react@0.562.0', 
'react-error-boundary@6.1.0', 'sonner@2.0.7', '@radix-ui/themes@3.2.1']
Debug: Installing frontend packages from config and components
Debug: bun add v1.3.6 (d530ed99)
Debug: Saved lockfile
Debug: 
Debug: installed react-debounce-input@3.3.0
Debug: installed lucide-react@0.562.0
Debug: installed react-error-boundary@6.1.0
Debug: installed sonner@2.0.7
Debug: installed @radix-ui/themes@3.2.1
Debug: 
Debug: [193.00ms] done
Debug: [timing] Install Frontend Packages: 0.91s
Debug: [timing] Write to Disk: 0.05s
Debug: Running command: 
['C:\\Users\\rahul\\AppData\\Local\\reflex\\bun\\bin\\bun.exe', 'run', 
'export']
Debug: Creating Production Build
Debug: $ react-router build
Debug: rolldown-vite v7.3.1 building client environment for production...
Debug: [33mWarning: Invalid input options (1 issue found)
Debug: - For the "jsx". Invalid key: Expected never but received "jsx". [0m
Debug: transforming...
Traceback (most recent call last):
  File "C:\Users\rahul\AppData\Local\Programs\Python\Python313\Lib\site-packages\reflex\utils\processes.py", line 451, in show_progress
    for line in stream_logs(message, process, progress=progress):
                ~~~~~~~~~~~^^^^^^^^^^^^^^^^^^^^^^^^^^^^^^^^^^^^^
  File "C:\Users\rahul\AppData\Local\Programs\Python\Python313\Lib\site-packages\reflex\utils\processes.py", line 346, in stream_logs
    console.debug(rich.markup.escape(line), end="", progress=progress)
    ~~~~~~~~~~~~~^^^^^^^^^^^^^^^^^^^^^^^^^^^^^^^^^^^^^^^^^^^^^^^^^^^^^
  File "C:\Users\rahul\AppData\Local\Programs\Python\Python313\Lib\site-packages\reflex\utils\console.py", line 175, in debug
    progress.console.print(msg_, **kwargs)
    ~~~~~~~~~~~~~~~~~~~~~~^^^^^^^^^^^^^^^^
  File "C:\Users\rahul\AppData\Local\Programs\Python\Python313\Lib\site-packages\rich\console.py", line 1697, in print
    with self:
         ^^^^
  File "C:\Users\rahul\AppData\Local\Programs\Python\Python313\Lib\site-packages\rich\console.py", line 870, in __exit__
    self._exit_buffer()
    ~~~~~~~~~~~~~~~~~^^
  File "C:\Users\rahul\AppData\Local\Programs\Python\Python313\Lib\site-packages\rich\console.py", line 826, in _exit_buffer
    self._check_buffer()
    ~~~~~~~~~~~~~~~~~~^^
  File "C:\Users\rahul\AppData\Local\Programs\Python\Python313\Lib\site-packages\rich\console.py", line 2042, in _check_buffer
    self._write_buffer()
    ~~~~~~~~~~~~~~~~~~^^
  File "C:\Users\rahul\AppData\Local\Programs\Python\Python313\Lib\site-packages\rich\console.py", line 2078, in _write_buffer
    legacy_windows_render(buffer, LegacyWindowsTerm(self.file))
    ~~~~~~~~~~~~~~~~~~~~~^^^^^^^^^^^^^^^^^^^^^^^^^^^^^^^^^^^^^^
  File "C:\Users\rahul\AppData\Local\Programs\Python\Python313\Lib\site-packages\rich\_windows_renderer.py", line 17, in legacy_windows_render
    term.write_styled(text, style)
    ~~~~~~~~~~~~~~~~~^^^^^^^^^^^^^
  File "C:\Users\rahul\AppData\Local\Programs\Python\Python313\Lib\site-packages\rich\_win32_console.py", line 441, in write_styled
    self.write_text(text)
    ~~~~~~~~~~~~~~~^^^^^^
  File "C:\Users\rahul\AppData\Local\Programs\Python\Python313\Lib\site-packages\rich\_win32_console.py", line 402, in write_text
    self.write(text)
    ~~~~~~~~~~^^^^^^
  File "C:\Users\rahul\AppData\Local\Programs\Python\Python313\Lib\encodings\cp1252.py", line 19, in encode
    return codecs.charmap_encode(input,self.errors,encoding_table)[0]
           ~~~~~~~~~~~~~~~~~~~~~^^^^^^^^^^^^^^^^^^^^^^^^^^^^^^^^^^
UnicodeEncodeError: 'charmap' codec can't encode character '\u2713' in position 7: character maps to <undefined>

During handling of the above exception, another exception occurred:

Traceback (most recent call last):
  File "<frozen runpy>", line 198, in _run_module_as_main
  File "<frozen runpy>", line 88, in _run_code
  File "C:\Users\rahul\AppData\Local\Programs\Python\Python313\Scripts\reflex.exe\__main__.py", line 6, in <module>
    sys.exit(cli())
             ~~~^^
  File "C:\Users\rahul\AppData\Local\Programs\Python\Python313\Lib\site-packages\click\core.py", line 1485, in __call__
    return self.main(*args, **kwargs)
           ~~~~~~~~~^^^^^^^^^^^^^^^^^
  File "C:\Users\rahul\AppData\Local\Programs\Python\Python313\Lib\site-packages\click\core.py", line 1406, in main
    rv = self.invoke(ctx)
  File "C:\Users\rahul\AppData\Local\Programs\Python\Python313\Lib\site-packages\click\core.py", line 1873, in invoke
    return _process_result(sub_ctx.command.invoke(sub_ctx))
                           ~~~~~~~~~~~~~~~~~~~~~~^^^^^^^^^
  File "C:\Users\rahul\AppData\Local\Programs\Python\Python313\Lib\site-packages\click\core.py", line 1269, in invoke
    return ctx.invoke(self.callback, **ctx.params)
           ~~~~~~~~~~^^^^^^^^^^^^^^^^^^^^^^^^^^^^^
  File "C:\Users\rahul\AppData\Local\Programs\Python\Python313\Lib\site-packages\click\core.py", line 824, in invoke
    return callback(*args, **kwargs)
  File "C:\Users\rahul\AppData\Local\Programs\Python\Python313\Lib\site-packages\reflex\reflex.py", line 519, in export
    export_utils.export(
    ~~~~~~~~~~~~~~~~~~~^
        zipping=zip,
        ^^^^^^^^^^^^
    ...<7 lines>...
        prerender_routes=ssr,
        ^^^^^^^^^^^^^^^^^^^^^
    )
    ^
  File "C:\Users\rahul\AppData\Local\Programs\Python\Python313\Lib\site-packages\reflex\utils\export.py", line 69, in export
    build.build()
    ~~~~~~~~~~~^^
  File "C:\Users\rahul\AppData\Local\Programs\Python\Python313\Lib\site-packages\reflex\utils\build.py", line 222, in build
    processes.show_progress("Creating Production Build", process, checkpoints)
    ~~~~~~~~~~~~~~~~~~~~~~~^^^^^^^^^^^^^^^^^^^^^^^^^^^^^^^^^^^^^^^^^^^^^^^^^^^
  File "C:\Users\rahul\AppData\Local\Programs\Python\Python313\Lib\site-packages\reflex\utils\processes.py", line 449, in show_progress
    with console.progress() as progress:
         ~~~~~~~~~~~~~~~~^^
  File "C:\Users\rahul\AppData\Local\Programs\Python\Python313\Lib\site-packages\rich\progress.py", line 1190, in __exit__
    self.stop()
    ~~~~~~~~~^^
  File "C:\Users\rahul\AppData\Local\Programs\Python\Python313\Lib\site-packages\rich\progress.py", line 1176, in stop
    self.live.stop()
    ~~~~~~~~~~~~~~^^
  File "C:\Users\rahul\AppData\Local\Programs\Python\Python313\Lib\site-packages\rich\live.py", line 162, in stop
    with self.console:
         ^^^^^^^^^^^^
  File "C:\Users\rahul\AppData\Local\Programs\Python\Python313\Lib\site-packages\rich\console.py", line 870, in __exit__
    self._exit_buffer()
    ~~~~~~~~~~~~~~~~~^^
  File "C:\Users\rahul\AppData\Local\Programs\Python\Python313\Lib\site-packages\rich\console.py", line 826, in _exit_buffer
    self._check_buffer()
    ~~~~~~~~~~~~~~~~~~^^
  File "C:\Users\rahul\AppData\Local\Programs\Python\Python313\Lib\site-packages\rich\console.py", line 2042, in _check_buffer
    self._write_buffer()
    ~~~~~~~~~~~~~~~~~~^^
  File "C:\Users\rahul\AppData\Local\Programs\Python\Python313\Lib\site-packages\rich\console.py", line 2078, in _write_buffer
    legacy_windows_render(buffer, LegacyWindowsTerm(self.file))
    ~~~~~~~~~~~~~~~~~~~~~^^^^^^^^^^^^^^^^^^^^^^^^^^^^^^^^^^^^^^
  File "C:\Users\rahul\AppData\Local\Programs\Python\Python313\Lib\site-packages\rich\_windows_renderer.py", line 17, in legacy_windows_render
    term.write_styled(text, style)
    ~~~~~~~~~~~~~~~~~^^^^^^^^^^^^^
  File "C:\Users\rahul\AppData\Local\Programs\Python\Python313\Lib\site-packages\rich\_win32_console.py", line 441, in write_styled
    self.write_text(text)
    ~~~~~~~~~~~~~~~^^^^^^
  File "C:\Users\rahul\AppData\Local\Programs\Python\Python313\Lib\site-packages\rich\_win32_console.py", line 402, in write_text
    self.write(text)
    ~~~~~~~~~~^^^^^^
  File "C:\Users\rahul\AppData\Local\Programs\Python\Python313\Lib\encodings\cp1252.py", line 19, in encode
    return codecs.charmap_encode(input,self.errors,encoding_table)[0]
           ~~~~~~~~~~~~~~~~~~~~~^^^^^^^^^^^^^^^^^^^^^^^^^^^^^^^^^^
UnicodeEncodeError: 'charmap' codec can't encode character '\u2713' in position 7: character maps to <undefined>
